<?xml version="1.0" encoding="UTF-8"?>
<!-- Generated by org.testng.reporters.JUnitXMLReporter -->
<testsuite hostname="SONY-VAIO" ignored="0" name="Test" tests="2" failures="1" timestamp="18 Jan 2018 09:23:29 GMT" time="16.306" errors="0">
  <testcase name="A_GoogleTitleVerify" time="16.233" classname="listenersDemo.My1stTestCase_UsingListerners"/>
  <testcase name="B_ForcefullyFail" time="0.01" classname="listenersDemo.My1stTestCase_UsingListerners">
    <failure type="java.lang.AssertionError" message="

:::::::assertTrue also failed::::::::: expected [true] but found [false]">
      <![CDATA[java.lang.AssertionError: 

:::::::assertTrue also failed::::::::: expected [true] but found [false]
	at listenersDemo.My1stTestCase_UsingListerners.B_ForcefullyFail(My1stTestCase_UsingListerners.java:25)
... Removed 28 stack frames]]>
    </failure>
  </testcase> <!-- B_ForcefullyFail -->
</testsuite> <!-- Test -->
